Determining if the function wsyncup exists in the /usr/lib/x86_64-linux-gnu/libcurses.so passed with the following output:
Change Dir: /home/uncomment/MicronUVGIRobot/Support/cmake-3.15.6/Source/Checks/Curses-build/CMakeFiles/CMakeTmp

Run Build Command(s):/usr/bin/make cmTC_44e30/fast && make -f CMakeFiles/cmTC_44e30.dir/build.make CMakeFiles/cmTC_44e30.dir/build
make[1]: Entering directory '/home/uncomment/MicronUVGIRobot/Support/cmake-3.15.6/Source/Checks/Curses-build/CMakeFiles/CMakeTmp'
Building C object CMakeFiles/cmTC_44e30.dir/CheckFunctionExists.c.o
/usr/bin/gcc   -DCHECK_FUNCTION_EXISTS=wsyncup   -o CMakeFiles/cmTC_44e30.dir/CheckFunctionExists.c.o   -c /home/uncomment/MicronUVGIRobot/Support/cmake-3.15.6/Modules/CheckFunctionExists.c
Linking C executable cmTC_44e30
/home/uncomment/MicronUVGIRobot/Support/cmake-3.15.6/Bootstrap.cmk/cmake -E cmake_link_script CMakeFiles/cmTC_44e30.dir/link.txt --verbose=1
/usr/bin/gcc  -DCHECK_FUNCTION_EXISTS=wsyncup    -rdynamic CMakeFiles/cmTC_44e30.dir/CheckFunctionExists.c.o  -o cmTC_44e30 -lcurses 
make[1]: Leaving directory '/home/uncomment/MicronUVGIRobot/Support/cmake-3.15.6/Source/Checks/Curses-build/CMakeFiles/CMakeTmp'



Determining if the function cbreak exists in the /usr/lib/x86_64-linux-gnu/libncurses.so passed with the following output:
Change Dir: /home/uncomment/MicronUVGIRobot/Support/cmake-3.15.6/Source/Checks/Curses-build/CMakeFiles/CMakeTmp

Run Build Command(s):/usr/bin/make cmTC_1363b/fast && make -f CMakeFiles/cmTC_1363b.dir/build.make CMakeFiles/cmTC_1363b.dir/build
make[1]: Entering directory '/home/uncomment/MicronUVGIRobot/Support/cmake-3.15.6/Source/Checks/Curses-build/CMakeFiles/CMakeTmp'
Building C object CMakeFiles/cmTC_1363b.dir/CheckFunctionExists.c.o
/usr/bin/gcc   -DCHECK_FUNCTION_EXISTS=cbreak   -o CMakeFiles/cmTC_1363b.dir/CheckFunctionExists.c.o   -c /home/uncomment/MicronUVGIRobot/Support/cmake-3.15.6/Modules/CheckFunctionExists.c
Linking C executable cmTC_1363b
/home/uncomment/MicronUVGIRobot/Support/cmake-3.15.6/Bootstrap.cmk/cmake -E cmake_link_script CMakeFiles/cmTC_1363b.dir/link.txt --verbose=1
/usr/bin/gcc  -DCHECK_FUNCTION_EXISTS=cbreak    -rdynamic CMakeFiles/cmTC_1363b.dir/CheckFunctionExists.c.o  -o cmTC_1363b -lncurses 
make[1]: Leaving directory '/home/uncomment/MicronUVGIRobot/Support/cmake-3.15.6/Source/Checks/Curses-build/CMakeFiles/CMakeTmp'



